# QEMU configure log Sat May  4 03:06:53 AM CST 2024
# Configured with: '../configure' '--prefix=/home/renhao/github/qemu/build/bin' '--target-list=riscv64-softmmu' '--enable-gtk' '--enable-virtfs' '--disable-gio'

#

funcs: do_compiler do_cc compile_object check_define main
lines: 127 132 340 349 0
cc -c -o config-temp/qemu-conf.o config-temp/qemu-conf.c

funcs: do_compiler do_cc compile_object check_define main
lines: 127 132 340 422 0
cc -c -o config-temp/qemu-conf.o config-temp/qemu-conf.c
config-temp/qemu-conf.c:2:2: error: #error __i386__ not defined
    2 | #error __i386__ not defined
      |  ^~~~~

funcs: do_compiler do_cc compile_object check_define main
lines: 127 132 340 424 0
cc -c -o config-temp/qemu-conf.o config-temp/qemu-conf.c

funcs: do_compiler do_cc compile_object check_define main
lines: 127 132 340 425 0
cc -c -o config-temp/qemu-conf.o config-temp/qemu-conf.c
config-temp/qemu-conf.c:2:2: error: #error __ILP32__ not defined
    2 | #error __ILP32__ not defined
      |  ^~~~~

funcs: do_compiler do_cc compile_prog main
lines: 127 138 1057 0
cc -m64 -mcx16 -Werror -fPIE -DPIE -o config-temp/qemu-conf.exe config-temp/qemu-conf.c -pie

funcs: do_compiler do_cc compile_prog main
lines: 127 138 1116 0
cc -m64 -mcx16 -o config-temp/qemu-conf.exe config-temp/qemu-conf.c
config-temp/qemu-conf.c:2:3: error: #error LITTLE
    2 | # error LITTLE
      |   ^~~~~

funcs: do_compiler do_cc compile_object main
lines: 127 132 1158 0
cc -m64 -mcx16 -Werror -c -o config-temp/qemu-conf.o config-temp/qemu-conf.c
